<?xml version="1.0" encoding="UTF-8"?>
<testsuite xmlns:xsi="http://www.w3.org/2001/XMLSchema-instance" xsi:noNamespaceSchemaLocation="https://maven.apache.org/surefire/maven-surefire-plugin/xsd/surefire-test-report.xsd" name="com.ontariotechu.sofe3980U.AppTest" time="0.038" tests="1" errors="0" skipped="0" failures="0">
  <properties>
    <property name="java.specification.version" value="23"/>
    <property name="sun.cpu.isalist" value="amd64"/>
    <property name="sun.jnu.encoding" value="Cp1252"/>
    <property name="java.class.path" value="C:\Users\tejus\Desktop\SQPM\lab4\SOFE3980U-Lab4\SVCR\target\test-classes;C:\Users\tejus\Desktop\SQPM\lab4\SOFE3980U-Lab4\SVCR\target\classes;C:\Users\tejus\.m2\repository\junit\junit\4.11\junit-4.11.jar;C:\Users\tejus\.m2\repository\org\hamcrest\hamcrest-core\1.3\hamcrest-core-1.3.jar;C:\Users\tejus\.m2\repository\com\opencsv\opencsv\4.1\opencsv-4.1.jar;C:\Users\tejus\.m2\repository\org\apache\commons\commons-lang3\3.6\commons-lang3-3.6.jar;C:\Users\tejus\.m2\repository\org\apache\commons\commons-text\1.1\commons-text-1.1.jar;C:\Users\tejus\.m2\repository\commons-beanutils\commons-beanutils\1.9.3\commons-beanutils-1.9.3.jar;C:\Users\tejus\.m2\repository\commons-logging\commons-logging\1.2\commons-logging-1.2.jar;C:\Users\tejus\.m2\repository\commons-collections\commons-collections\3.2.2\commons-collections-3.2.2.jar;"/>
    <property name="java.vm.vendor" value="Oracle Corporation"/>
    <property name="sun.arch.data.model" value="64"/>
    <property name="user.variant" value=""/>
    <property name="java.vendor.url" value="https://java.oracle.com/"/>
    <property name="user.timezone" value="America/Toronto"/>
    <property name="os.name" value="Windows 10"/>
    <property name="java.vm.specification.version" value="23"/>
    <property name="sun.java.launcher" value="SUN_STANDARD"/>
    <property name="user.country" value="CA"/>
    <property name="sun.boot.library.path" value="C:\Program Files\Java\jdk-23\bin"/>
    <property name="sun.java.command" value="C:\Users\tejus\AppData\Local\Temp\surefire16593796361407326417\surefirebooter7741826953150730918.jar C:\Users\tejus\AppData\Local\Temp\surefire16593796361407326417 2025-03-04T11-08-59_955-jvmRun1 surefire14646598996795494282tmp surefire_010502332100003048210tmp"/>
    <property name="jdk.debug" value="release"/>
    <property name="surefire.test.class.path" value="C:\Users\tejus\Desktop\SQPM\lab4\SOFE3980U-Lab4\SVCR\target\test-classes;C:\Users\tejus\Desktop\SQPM\lab4\SOFE3980U-Lab4\SVCR\target\classes;C:\Users\tejus\.m2\repository\junit\junit\4.11\junit-4.11.jar;C:\Users\tejus\.m2\repository\org\hamcrest\hamcrest-core\1.3\hamcrest-core-1.3.jar;C:\Users\tejus\.m2\repository\com\opencsv\opencsv\4.1\opencsv-4.1.jar;C:\Users\tejus\.m2\repository\org\apache\commons\commons-lang3\3.6\commons-lang3-3.6.jar;C:\Users\tejus\.m2\repository\org\apache\commons\commons-text\1.1\commons-text-1.1.jar;C:\Users\tejus\.m2\repository\commons-beanutils\commons-beanutils\1.9.3\commons-beanutils-1.9.3.jar;C:\Users\tejus\.m2\repository\commons-logging\commons-logging\1.2\commons-logging-1.2.jar;C:\Users\tejus\.m2\repository\commons-collections\commons-collections\3.2.2\commons-collections-3.2.2.jar;"/>
    <property name="sun.cpu.endian" value="little"/>
    <property name="user.home" value="C:\Users\tejus"/>
    <property name="user.language" value="en"/>
    <property name="java.specification.vendor" value="Oracle Corporation"/>
    <property name="java.version.date" value="2024-10-15"/>
    <property name="java.home" value="C:\Program Files\Java\jdk-23"/>
    <property name="file.separator" value="\"/>
    <property name="basedir" value="C:\Users\tejus\Desktop\SQPM\lab4\SOFE3980U-Lab4\SVCR"/>
    <property name="java.vm.compressedOopsMode" value="32-bit"/>
    <property name="line.separator" value="&#10;"/>
    <property name="java.vm.specification.vendor" value="Oracle Corporation"/>
    <property name="java.specification.name" value="Java Platform API Specification"/>
    <property name="surefire.real.class.path" value="C:\Users\tejus\AppData\Local\Temp\surefire16593796361407326417\surefirebooter7741826953150730918.jar"/>
    <property name="user.script" value=""/>
    <property name="sun.management.compiler" value="HotSpot 64-Bit Tiered Compilers"/>
    <property name="java.runtime.version" value="23.0.1+11-39"/>
    <property name="user.name" value="tejus"/>
    <property name="stdout.encoding" value="Cp1252"/>
    <property name="path.separator" value=";"/>
    <property name="os.version" value="10.0"/>
    <property name="java.runtime.name" value="Java(TM) SE Runtime Environment"/>
    <property name="file.encoding" value="UTF-8"/>
    <property name="java.vm.name" value="Java HotSpot(TM) 64-Bit Server VM"/>
    <property name="localRepository" value="C:\Users\tejus\.m2\repository"/>
    <property name="java.vendor.url.bug" value="https://bugreport.java.com/bugreport/"/>
    <property name="java.io.tmpdir" value="C:\Users\tejus\AppData\Local\Temp\"/>
    <property name="java.version" value="23.0.1"/>
    <property name="user.dir" value="C:\Users\tejus\Desktop\SQPM\lab4\SOFE3980U-Lab4\SVCR"/>
    <property name="os.arch" value="amd64"/>
    <property name="java.vm.specification.name" value="Java Virtual Machine Specification"/>
    <property name="sun.os.patch.level" value=""/>
    <property name="native.encoding" value="Cp1252"/>
    <property name="java.library.path" value="C:\Program Files\Java\jdk-23\bin;C:\Windows\Sun\Java\bin;C:\Windows\system32;C:\Windows;C:\Program Files\Common Files\Oracle\Java\javapath;C:\Windows\system32;C:\Windows;C:\Windows\System32\Wbem;C:\Windows\System32\WindowsPowerShell\v1.0\;C:\Windows\System32\OpenSSH\;C:\Program Files (x86)\IVI Foundation\VISA\WinNT\Bin\;C:\Program Files\IVI Foundation\VISA\Win64\Bin\;C:\Program Files (x86)\IVI Foundation\VISA\WinNT\Bin;C:\Program Files (x86)\Windows Kits\8.1\Windows Performance Toolkit\;C:\Program Files\NVIDIA Corporation\NVIDIA NvDLISR;C:\Program Files\nodejs\;C:\ProgramData\chocolatey\bin;C:\Program Files\Git\cmd;C:\Users\tejus\AppData\Local\Programs\Python\Python311\;C:\Users\tejus\AppData\Local\Programs\Python\Python311\Scripts\;C:\Program Files\Docker\Docker\resources\bin;C:\MinGW\bin;C:\Program Files\MySQL\MySQL Shell 8.0\bin\;C:\Users\tejus\AppData\Local\Programs\Python\Python312\Scripts\;C:\Users\tejus\AppData\Local\Programs\Python\Python312\;C:\Users\tejus\AppData\Local\Programs\Python\Python311\Scripts\;C:\Users\tejus\AppData\Local\Programs\Python\Python311\;C:\Users\tejus\AppData\Local\Microsoft\WindowsApps;C:\Users\tejus\AppData\Local\Programs\Microsoft VS Code\bin;C:\Users\tejus\AppData\Roaming\npm;C:\xampp\php\php.exe;C:\Users\tejus\AppData\Local\GitHubDesktop\bin;C:\Users\tejus\Desktop\apache-maven-3.9.9\bin;;."/>
    <property name="java.vm.info" value="mixed mode, sharing"/>
    <property name="stderr.encoding" value="Cp1252"/>
    <property name="java.vendor" value="Oracle Corporation"/>
    <property name="java.vm.version" value="23.0.1+11-39"/>
    <property name="sun.io.unicode.encoding" value="UnicodeLittle"/>
    <property name="java.class.version" value="67.0"/>
  </properties>
  <testcase name="shouldAnswerWithTrue" classname="com.ontariotechu.sofe3980U.AppTest" time="0.002"/>
</testsuite>